{"/home/ashufelt/workspace/web_crawler/src/crawl.js": {"path":"/home/ashufelt/workspace/web_crawler/src/crawl.js","statementMap":{"0":{"start":{"line":1,"column":12},"end":{"line":1,"column":31}},"1":{"start":{"line":2,"column":14},"end":{"line":2,"column":30}},"2":{"start":{"line":3,"column":18},"end":{"line":3,"column":23}},"3":{"start":{"line":4,"column":10},"end":{"line":4,"column":27}},"4":{"start":{"line":5,"column":17},"end":{"line":5,"column":35}},"5":{"start":{"line":8,"column":18},"end":{"line":8,"column":35}},"6":{"start":{"line":9,"column":4},"end":{"line":9,"column":55}},"7":{"start":{"line":13,"column":18},"end":{"line":13,"column":37}},"8":{"start":{"line":14,"column":18},"end":{"line":14,"column":61}},"9":{"start":{"line":15,"column":17},"end":{"line":15,"column":19}},"10":{"start":{"line":16,"column":4},"end":{"line":29,"column":5}},"11":{"start":{"line":17,"column":8},"end":{"line":17,"column":58}},"12":{"start":{"line":18,"column":22},"end":{"line":18,"column":47}},"13":{"start":{"line":19,"column":8},"end":{"line":28,"column":9}},"14":{"start":{"line":20,"column":32},"end":{"line":20,"column":50}},"15":{"start":{"line":21,"column":12},"end":{"line":26,"column":13}},"16":{"start":{"line":22,"column":16},"end":{"line":22,"column":64}},"17":{"start":{"line":25,"column":16},"end":{"line":25,"column":34}},"18":{"start":{"line":27,"column":12},"end":{"line":27,"column":39}},"19":{"start":{"line":30,"column":4},"end":{"line":30,"column":15}},"20":{"start":{"line":33,"column":0},"end":{"line":35,"column":1}}},"fnMap":{"0":{"name":"normalizeURL","decl":{"start":{"line":7,"column":9},"end":{"line":7,"column":21}},"loc":{"start":{"line":7,"column":30},"end":{"line":10,"column":1}},"line":7},"1":{"name":"getURLsFromHTML","decl":{"start":{"line":12,"column":9},"end":{"line":12,"column":24}},"loc":{"start":{"line":12,"column":44},"end":{"line":31,"column":1}},"line":12}},"branchMap":{"0":{"loc":{"start":{"line":19,"column":8},"end":{"line":28,"column":9}},"type":"if","locations":[{"start":{"line":19,"column":8},"end":{"line":28,"column":9}},{"start":{},"end":{}}],"line":19},"1":{"loc":{"start":{"line":21,"column":12},"end":{"line":26,"column":13}},"type":"if","locations":[{"start":{"line":21,"column":12},"end":{"line":26,"column":13}},{"start":{"line":24,"column":17},"end":{"line":26,"column":13}}],"line":21}},"s":{"0":1,"1":1,"2":1,"3":1,"4":1,"5":8,"6":8,"7":8,"8":8,"9":8,"10":8,"11":23,"12":23,"13":23,"14":19,"15":19,"16":11,"17":8,"18":19,"19":8,"20":1},"f":{"0":8,"1":8},"b":{"0":[19,4],"1":[11,8]},"_coverageSchema":"1a1c01bbd47fc00a2c39e90264f33305004495a9","hash":"b8798b7fa2c895430a01a1c0a657f01a4949b281"}
}
